0 info it worked if it ends with ok
1 verbose cli [ 'C:\\Program Files\\nodejs\\node.exe',
1 verbose cli   'C:\\Program Files\\nodejs\\node_modules\\npm\\bin\\npm-cli.js',
1 verbose cli   'install',
1 verbose cli   '-g',
1 verbose cli   'bower' ]
2 info using npm@3.9.5
3 info using node@v6.2.2
4 silly loadCurrentTree Starting
5 silly install loadCurrentTree
6 silly install readGlobalPackageData
7 silly fetchPackageMetaData bower
8 silly fetchNamedPackageData bower
9 silly mapToRegistry name bower
10 silly mapToRegistry using default registry
11 silly mapToRegistry registry https://registry.npmjs.org/
12 silly mapToRegistry data Result {
12 silly mapToRegistry   raw: 'bower',
12 silly mapToRegistry   scope: null,
12 silly mapToRegistry   name: 'bower',
12 silly mapToRegistry   rawSpec: '',
12 silly mapToRegistry   spec: 'latest',
12 silly mapToRegistry   type: 'tag' }
13 silly mapToRegistry uri https://registry.npmjs.org/bower
14 verbose request uri https://registry.npmjs.org/bower
15 verbose request no auth needed
16 info attempt registry request try #1 at 1:33:01 AM
17 verbose request id f8ee221c7eb0bd98
18 http request GET https://registry.npmjs.org/bower
19 http 200 https://registry.npmjs.org/bower
20 verbose headers { server: 'CouchDB/1.5.0 (Erlang OTP/R16B03)',
20 verbose headers   etag: '"DAFA6DH1DFZ44HGODT1YZ4KIH"',
20 verbose headers   'content-type': 'application/json',
20 verbose headers   'content-encoding': 'gzip',
20 verbose headers   'cache-control': 'max-age=300',
20 verbose headers   'content-length': '20490',
20 verbose headers   'accept-ranges': 'bytes',
20 verbose headers   date: 'Tue, 05 Jul 2016 20:08:05 GMT',
20 verbose headers   via: '1.1 varnish',
20 verbose headers   age: '230',
20 verbose headers   connection: 'keep-alive',
20 verbose headers   'x-served-by': 'cache-sin6924-SIN',
20 verbose headers   'x-cache': 'HIT',
20 verbose headers   'x-cache-hits': '12',
20 verbose headers   'x-timer': 'S1467749285.658288,VS0,VE0',
20 verbose headers   vary: 'Accept-Encoding' }
21 silly get cb [ 200,
21 silly get   { server: 'CouchDB/1.5.0 (Erlang OTP/R16B03)',
21 silly get     etag: '"DAFA6DH1DFZ44HGODT1YZ4KIH"',
21 silly get     'content-type': 'application/json',
21 silly get     'content-encoding': 'gzip',
21 silly get     'cache-control': 'max-age=300',
21 silly get     'content-length': '20490',
21 silly get     'accept-ranges': 'bytes',
21 silly get     date: 'Tue, 05 Jul 2016 20:08:05 GMT',
21 silly get     via: '1.1 varnish',
21 silly get     age: '230',
21 silly get     connection: 'keep-alive',
21 silly get     'x-served-by': 'cache-sin6924-SIN',
21 silly get     'x-cache': 'HIT',
21 silly get     'x-cache-hits': '12',
21 silly get     'x-timer': 'S1467749285.658288,VS0,VE0',
21 silly get     vary: 'Accept-Encoding' } ]
22 verbose get saving bower to C:\Users\Sj singh\AppData\Roaming\npm-cache\registry.npmjs.org\bower\.cache.json
23 verbose correctMkdir C:\Users\Sj singh\AppData\Roaming\npm-cache correctMkdir not in flight; initializing
24 silly install normalizeTree
25 silly loadCurrentTree Finishing
26 silly loadIdealTree Starting
27 silly install loadIdealTree
28 silly cloneCurrentTree Starting
29 silly install cloneCurrentTreeToIdealTree
30 silly cloneCurrentTree Finishing
31 silly loadShrinkwrap Starting
32 silly install loadShrinkwrap
33 silly loadShrinkwrap Finishing
34 silly loadAllDepsIntoIdealTree Starting
35 silly install loadAllDepsIntoIdealTree
36 silly resolveWithNewModule bower@1.7.9 checking installable status
37 silly cache add args [ 'bower', null ]
38 verbose cache add spec bower
39 silly cache add parsed spec Result {
39 silly cache add   raw: 'bower',
39 silly cache add   scope: null,
39 silly cache add   name: 'bower',
39 silly cache add   rawSpec: '',
39 silly cache add   spec: 'latest',
39 silly cache add   type: 'tag' }
40 silly addNamed bower@latest
41 verbose addNamed "latest" is being treated as a dist-tag for bower
42 info addNameTag [ 'bower', 'latest' ]
43 silly mapToRegistry name bower
44 silly mapToRegistry using default registry
45 silly mapToRegistry registry https://registry.npmjs.org/
46 silly mapToRegistry data Result {
46 silly mapToRegistry   raw: 'bower',
46 silly mapToRegistry   scope: null,
46 silly mapToRegistry   name: 'bower',
46 silly mapToRegistry   rawSpec: '',
46 silly mapToRegistry   spec: 'latest',
46 silly mapToRegistry   type: 'tag' }
47 silly mapToRegistry uri https://registry.npmjs.org/bower
48 verbose addNameTag registry:https://registry.npmjs.org/bower not in flight; fetching
49 verbose get https://registry.npmjs.org/bower not expired, no request
50 silly addNameTag next cb for bower with tag latest
51 silly addNamed bower@1.7.9
52 verbose addNamed "1.7.9" is a plain semver version for bower
53 silly mapToRegistry name bower
54 silly mapToRegistry using default registry
55 silly mapToRegistry registry https://registry.npmjs.org/
56 silly mapToRegistry data Result {
56 silly mapToRegistry   raw: 'bower',
56 silly mapToRegistry   scope: null,
56 silly mapToRegistry   name: 'bower',
56 silly mapToRegistry   rawSpec: '',
56 silly mapToRegistry   spec: 'latest',
56 silly mapToRegistry   type: 'tag' }
57 silly mapToRegistry uri https://registry.npmjs.org/bower
58 verbose addRemoteTarball https://registry.npmjs.org/bower/-/bower-1.7.9.tgz not in flight; adding
59 verbose addRemoteTarball [ 'https://registry.npmjs.org/bower/-/bower-1.7.9.tgz',
59 verbose addRemoteTarball   'b7296c2393e0d75edaa6ca39648132dd255812b0' ]
60 info retry fetch attempt 1 at 1:33:25 AM
61 info attempt registry request try #1 at 1:33:25 AM
62 http fetch GET https://registry.npmjs.org/bower/-/bower-1.7.9.tgz
63 http fetch 200 https://registry.npmjs.org/bower/-/bower-1.7.9.tgz
64 info retry will retry, error on last attempt: Error: read ECONNRESET
65 info retry will retry, error on last attempt: Error: read ECONNRESET
66 silly fetchAndShaCheck shasum b7296c2393e0d75edaa6ca39648132dd255812b0
67 silly rollbackFailedOptional Starting
68 silly rollbackFailedOptional Finishing
69 silly runTopLevelLifecycles Starting
70 silly runTopLevelLifecycles Finishing
71 silly install printInstalled
72 verbose stack Error: shasum check failed for C:\Users\SJSING~1\AppData\Local\Temp\npm-60448-7ed0c9b5\registry.npmjs.org\bower\-\bower-1.7.9.tgz
72 verbose stack Expected: b7296c2393e0d75edaa6ca39648132dd255812b0
72 verbose stack Actual:   549b1c34696c128a3f3fb2c312d12b71bb7a0176
72 verbose stack From:     https://registry.npmjs.org/bower/-/bower-1.7.9.tgz
72 verbose stack     at C:\Program Files\nodejs\node_modules\npm\node_modules\sha\index.js:25:8
72 verbose stack     at ReadStream.<anonymous> (C:\Program Files\nodejs\node_modules\npm\node_modules\sha\index.js:72:7)
72 verbose stack     at emitNone (events.js:91:20)
72 verbose stack     at ReadStream.emit (events.js:185:7)
72 verbose stack     at endReadableNT (_stream_readable.js:934:12)
72 verbose stack     at _combinedTickCallback (internal/process/next_tick.js:74:11)
72 verbose stack     at process._tickCallback (internal/process/next_tick.js:98:9)
73 verbose cwd S:\web projects\Front End UI\conFusion
74 error Windows_NT 10.0.10586
75 error argv "C:\\Program Files\\nodejs\\node.exe" "C:\\Program Files\\nodejs\\node_modules\\npm\\bin\\npm-cli.js" "install" "-g" "bower"
76 error node v6.2.2
77 error npm  v3.9.5
78 error shasum check failed for C:\Users\SJSING~1\AppData\Local\Temp\npm-60448-7ed0c9b5\registry.npmjs.org\bower\-\bower-1.7.9.tgz
78 error Expected: b7296c2393e0d75edaa6ca39648132dd255812b0
78 error Actual:   549b1c34696c128a3f3fb2c312d12b71bb7a0176
78 error From:     https://registry.npmjs.org/bower/-/bower-1.7.9.tgz
79 error If you need help, you may report this error at:
79 error     <https://github.com/npm/npm/issues>
80 verbose exit [ 1, true ]
